Arguments: 
  /usr/local/bin/node /usr/local/bin/yarn add @babel-cli

PATH: 
  /Library/Java/JavaVirtualMachines/jdk1.8.0_211.jdk/Contents/Home/bin:/usr/local/bin:/usr/bin:/bin:/usr/sbin:/sbin:/Library/Java/JavaVirtualMachines/jdk1.8.0_211.jdk/Contents/Home/bin:/Users/leiwuyi/Library/Android/sdk/tools:/Users/leiwuyi/Library/Android/sdk/tools/bin:/Users/leiwuyi/Library/Android/sdk/platform-tools:/Users/leiwuyi/Library/Android/sdk/emulator:/usr/local/mysql/bin:/Users/leiwuyi/Library/Android/sdk/tools:/Users/leiwuyi/Library/Android/sdk/tools/bin:/Users/leiwuyi/Library/Android/sdk/platform-tools:/Users/leiwuyi/Library/Android/sdk/emulator:/usr/local/mysql/bin:

Yarn version: 
  1.15.2

Node version: 
  10.15.3

Platform: 
  darwin x64

Trace: 
  Error: https://registry.npm.taobao.org/@babel-cli: Request "https://registry.npm.taobao.org/@babel-cli" returned a 405
      at Request.params.callback [as _callback] (/usr/local/lib/node_modules/yarn/lib/cli.js:66067:18)
      at Request.self.callback (/usr/local/lib/node_modules/yarn/lib/cli.js:129541:22)
      at Request.emit (events.js:189:13)
      at Request.<anonymous> (/usr/local/lib/node_modules/yarn/lib/cli.js:130513:10)
      at Request.emit (events.js:189:13)
      at IncomingMessage.<anonymous> (/usr/local/lib/node_modules/yarn/lib/cli.js:130435:12)
      at Object.onceWrapper (events.js:277:13)
      at IncomingMessage.emit (events.js:194:15)
      at endReadableNT (_stream_readable.js:1125:12)
      at process._tickCallback (internal/process/next_tick.js:63:19)

npm manifest: 
  {
    "name": "nodecli",
    "version": "1.0.0",
    "description": "",
    "main": "server.js",
    "dependencies": {
      "@babel/core": "^7.6.4",
      "@babel/preset-react": "^7.6.3",
      "console": "^0.7.2",
      "fs-extra": "^8.1.0",
      "ioredis": "^4.14.1",
      "koa": "^2.8.1",
      "koa-static": "^5.0.0",
      "react": "^16.11.0",
      "react-dom": "^16.11.0",
      "redis": "^2.8.0",
      "redis-sentinel": "^0.3.3"
    },
    "devDependencies": {
      "@babel/plugin-transform-async-to-generator": "^7.5.0"
    },
    "scripts": {
      "test": "echo \"Error: no test specified\" && exit 1",
      "start": "node server.js"
    },
    "author": "",
    "license": "ISC"
  }

yarn manifest: 
  No manifest

Lockfile: 
  # THIS IS AN AUTOGENERATED FILE. DO NOT EDIT THIS FILE DIRECTLY.
  # yarn lockfile v1
  
  
  "@babel/code-frame@^7.0.0", "@babel/code-frame@^7.5.5":
    version "7.5.5"
    resolved "https://registry.npm.taobao.org/@babel/code-frame/download/@babel/code-frame-7.5.5.tgz#bc0782f6d69f7b7d49531219699b988f669a8f9d"
    integrity sha1-vAeC9tafe31JUxIZaZuYj2aaj50=
    dependencies:
      "@babel/highlight" "^7.0.0"
  
  "@babel/core@^7.6.4":
    version "7.6.4"
    resolved "https://registry.npm.taobao.org/@babel/core/download/@babel/core-7.6.4.tgz#6ebd9fe00925f6c3e177bb726a188b5f578088ff"
    integrity sha1-br2f4Akl9sPhd7tyahiLX1eAiP8=
    dependencies:
      "@babel/code-frame" "^7.5.5"
      "@babel/generator" "^7.6.4"
      "@babel/helpers" "^7.6.2"
      "@babel/parser" "^7.6.4"
      "@babel/template" "^7.6.0"
      "@babel/traverse" "^7.6.3"
      "@babel/types" "^7.6.3"
      convert-source-map "^1.1.0"
      debug "^4.1.0"
      json5 "^2.1.0"
      lodash "^4.17.13"
      resolve "^1.3.2"
      semver "^5.4.1"
      source-map "^0.5.0"
  
  "@babel/generator@^7.6.3", "@babel/generator@^7.6.4":
    version "7.6.4"
    resolved "https://registry.npm.taobao.org/@babel/generator/download/@babel/generator-7.6.4.tgz?cache=0&sync_timestamp=1570717897603&other_urls=https%3A%2F%2Fregistry.npm.taobao.org%2F%40babel%2Fgenerator%2Fdownload%2F%40babel%2Fgenerator-7.6.4.tgz#a4f8437287bf9671b07f483b76e3bb731bc97671"
    integrity sha1-pPhDcoe/lnGwf0g7duO7cxvJdnE=
    dependencies:
      "@babel/types" "^7.6.3"
      jsesc "^2.5.1"
      lodash "^4.17.13"
      source-map "^0.5.0"
  
  "@babel/helper-annotate-as-pure@^7.0.0":
    version "7.0.0"
    resolved "https://registry.npm.taobao.org/@babel/helper-annotate-as-pure/download/@babel/helper-annotate-as-pure-7.0.0.tgz#323d39dd0b50e10c7c06ca7d7638e6864d8c5c32"
    integrity sha1-Mj053QtQ4Qx8Bsp9djjmhk2MXDI=
    dependencies:
      "@babel/types" "^7.0.0"
  
  "@babel/helper-builder-react-jsx@^7.3.0":
    version "7.3.0"
    resolved "https://registry.npm.taobao.org/@babel/helper-builder-react-jsx/download/@babel/helper-builder-react-jsx-7.3.0.tgz#a1ac95a5d2b3e88ae5e54846bf462eeb81b318a4"
    integrity sha1-oayVpdKz6Irl5UhGv0Yu64GzGKQ=
    dependencies:
      "@babel/types" "^7.3.0"
      esutils "^2.0.0"
  
  "@babel/helper-function-name@^7.1.0":
    version "7.1.0"
    resolved "https://registry.npm.taobao.org/@babel/helper-function-name/download/@babel/helper-function-name-7.1.0.tgz#a0ceb01685f73355d4360c1247f582bfafc8ff53"
    integrity sha1-oM6wFoX3M1XUNgwSR/WCv6/I/1M=
    dependencies:
      "@babel/helper-get-function-arity" "^7.0.0"
      "@babel/template" "^7.1.0"
      "@babel/types" "^7.0.0"
  
  "@babel/helper-get-function-arity@^7.0.0":
    version "7.0.0"
    resolved "https://registry.npm.taobao.org/@babel/helper-get-function-arity/download/@babel/helper-get-function-arity-7.0.0.tgz#83572d4320e2a4657263734113c42868b64e49c3"
    integrity sha1-g1ctQyDipGVyY3NBE8QoaLZOScM=
    dependencies:
      "@babel/types" "^7.0.0"
  
  "@babel/helper-module-imports@^7.0.0":
    version "7.0.0"
    resolved "https://registry.npm.taobao.org/@babel/helper-module-imports/download/@babel/helper-module-imports-7.0.0.tgz#96081b7111e486da4d2cd971ad1a4fe216cc2e3d"
    integrity sha1-lggbcRHkhtpNLNlxrRpP4hbMLj0=
    dependencies:
      "@babel/types" "^7.0.0"
  
  "@babel/helper-plugin-utils@^7.0.0":
    version "7.0.0"
    resolved "https://registry.npm.taobao.org/@babel/helper-plugin-utils/download/@babel/helper-plugin-utils-7.0.0.tgz#bbb3fbee98661c569034237cc03967ba99b4f250"
    integrity sha1-u7P77phmHFaQNCN8wDlnupm08lA=
  
  "@babel/helper-remap-async-to-generator@^7.1.0":
    version "7.1.0"
    resolved "https://registry.npm.taobao.org/@babel/helper-remap-async-to-generator/download/@babel/helper-remap-async-to-generator-7.1.0.tgz#361d80821b6f38da75bd3f0785ece20a88c5fe7f"
    integrity sha1-Nh2AghtvONp1vT8HheziCojF/n8=
    dependencies:
      "@babel/helper-annotate-as-pure" "^7.0.0"
      "@babel/helper-wrap-function" "^7.1.0"
      "@babel/template" "^7.1.0"
      "@babel/traverse" "^7.1.0"
      "@babel/types" "^7.0.0"
  
  "@babel/helper-split-export-declaration@^7.4.4":
    version "7.4.4"
    resolved "https://registry.npm.taobao.org/@babel/helper-split-export-declaration/download/@babel/helper-split-export-declaration-7.4.4.tgz#ff94894a340be78f53f06af038b205c49d993677"
    integrity sha1-/5SJSjQL549T8GrwOLIFxJ2ZNnc=
    dependencies:
      "@babel/types" "^7.4.4"
  
  "@babel/helper-wrap-function@^7.1.0":
    version "7.2.0"
    resolved "https://registry.npm.taobao.org/@babel/helper-wrap-function/download/@babel/helper-wrap-function-7.2.0.tgz#c4e0012445769e2815b55296ead43a958549f6fa"
    integrity sha1-xOABJEV2nigVtVKW6tQ6lYVJ9vo=
    dependencies:
      "@babel/helper-function-name" "^7.1.0"
      "@babel/template" "^7.1.0"
      "@babel/traverse" "^7.1.0"
      "@babel/types" "^7.2.0"
  
  "@babel/helpers@^7.6.2":
    version "7.6.2"
    resolved "https://registry.npm.taobao.org/@babel/helpers/download/@babel/helpers-7.6.2.tgz?cache=0&sync_timestamp=1569285140727&other_urls=https%3A%2F%2Fregistry.npm.taobao.org%2F%40babel%2Fhelpers%2Fdownload%2F%40babel%2Fhelpers-7.6.2.tgz#681ffe489ea4dcc55f23ce469e58e59c1c045153"
    integrity sha1-aB/+SJ6k3MVfI85GnljlnBwEUVM=
    dependencies:
      "@babel/template" "^7.6.0"
      "@babel/traverse" "^7.6.2"
      "@babel/types" "^7.6.0"
  
  "@babel/highlight@^7.0.0":
    version "7.5.0"
    resolved "https://registry.npm.taobao.org/@babel/highlight/download/@babel/highlight-7.5.0.tgz?cache=0&sync_timestamp=1562245140883&other_urls=https%3A%2F%2Fregistry.npm.taobao.org%2F%40babel%2Fhighlight%2Fdownload%2F%40babel%2Fhighlight-7.5.0.tgz#56d11312bd9248fa619591d02472be6e8cb32540"
    integrity sha1-VtETEr2SSPphlZHQJHK+boyzJUA=
    dependencies:
      chalk "^2.0.0"
      esutils "^2.0.2"
      js-tokens "^4.0.0"
  
  "@babel/parser@^7.6.0", "@babel/parser@^7.6.3", "@babel/parser@^7.6.4":
    version "7.6.4"
    resolved "https://registry.npm.taobao.org/@babel/parser/download/@babel/parser-7.6.4.tgz?cache=0&sync_timestamp=1570718702664&other_urls=https%3A%2F%2Fregistry.npm.taobao.org%2F%40babel%2Fparser%2Fdownload%2F%40babel%2Fparser-7.6.4.tgz#cb9b36a7482110282d5cb6dd424ec9262b473d81"
    integrity sha1-y5s2p0ghECgtXLbdQk7JJitHPYE=
  
  "@babel/plugin-syntax-jsx@^7.2.0":
    version "7.2.0"
    resolved "https://registry.npm.taobao.org/@babel/plugin-syntax-jsx/download/@babel/plugin-syntax-jsx-7.2.0.tgz#0b85a3b4bc7cdf4cc4b8bf236335b907ca22e7c7"
    integrity sha1-C4WjtLx830zEuL8jYzW5B8oi58c=
    dependencies:
      "@babel/helper-plugin-utils" "^7.0.0"
  
  "@babel/plugin-transform-async-to-generator@^7.5.0":
    version "7.5.0"
    resolved "https://registry.npm.taobao.org/@babel/plugin-transform-async-to-generator/download/@babel/plugin-transform-async-to-generator-7.5.0.tgz#89a3848a0166623b5bc481164b5936ab947e887e"
    integrity sha1-iaOEigFmYjtbxIEWS1k2q5R+iH4=
    dependencies:
      "@babel/helper-module-imports" "^7.0.0"
      "@babel/helper-plugin-utils" "^7.0.0"
      "@babel/helper-remap-async-to-generator" "^7.1.0"
  
  "@babel/plugin-transform-react-display-name@^7.0.0":
    version "7.2.0"
    resolved "https://registry.npm.taobao.org/@babel/plugin-transform-react-display-name/download/@babel/plugin-transform-react-display-name-7.2.0.tgz#ebfaed87834ce8dc4279609a4f0c324c156e3eb0"
    integrity sha1-6/rth4NM6NxCeWCaTwwyTBVuPrA=
    dependencies:
      "@babel/helper-plugin-utils" "^7.0.0"
  
  "@babel/plugin-transform-react-jsx-self@^7.0.0":
    version "7.2.0"
    resolved "https://registry.npm.taobao.org/@babel/plugin-transform-react-jsx-self/download/@babel/plugin-transform-react-jsx-self-7.2.0.tgz#461e21ad9478f1031dd5e276108d027f1b5240ba"
    integrity sha1-Rh4hrZR48QMd1eJ2EI0CfxtSQLo=
    dependencies:
      "@babel/helper-plugin-utils" "^7.0.0"
      "@babel/plugin-syntax-jsx" "^7.2.0"
  
  "@babel/plugin-transform-react-jsx-source@^7.0.0":
    version "7.5.0"
    resolved "https://registry.npm.taobao.org/@babel/plugin-transform-react-jsx-source/download/@babel/plugin-transform-react-jsx-source-7.5.0.tgz#583b10c49cf057e237085bcbd8cc960bd83bd96b"
    integrity sha1-WDsQxJzwV+I3CFvL2MyWC9g72Ws=
    dependencies:
      "@babel/helper-plugin-utils" "^7.0.0"
      "@babel/plugin-syntax-jsx" "^7.2.0"
  
  "@babel/plugin-transform-react-jsx@^7.0.0":
    version "7.3.0"
    resolved "https://registry.npm.taobao.org/@babel/plugin-transform-react-jsx/download/@babel/plugin-transform-react-jsx-7.3.0.tgz#f2cab99026631c767e2745a5368b331cfe8f5290"
    integrity sha1-8sq5kCZjHHZ+J0WlNoszHP6PUpA=
    dependencies:
      "@babel/helper-builder-react-jsx" "^7.3.0"
      "@babel/helper-plugin-utils" "^7.0.0"
      "@babel/plugin-syntax-jsx" "^7.2.0"
  
  "@babel/preset-react@^7.6.3":
    version "7.6.3"
    resolved "https://registry.npm.taobao.org/@babel/preset-react/download/@babel/preset-react-7.6.3.tgz#d5242c828322520205ae4eda5d4f4f618964e2f6"
    integrity sha1-1SQsgoMiUgIFrk7aXU9PYYlk4vY=
    dependencies:
      "@babel/helper-plugin-utils" "^7.0.0"
      "@babel/plugin-transform-react-display-name" "^7.0.0"
      "@babel/plugin-transform-react-jsx" "^7.0.0"
      "@babel/plugin-transform-react-jsx-self" "^7.0.0"
      "@babel/plugin-transform-react-jsx-source" "^7.0.0"
  
  "@babel/template@^7.1.0", "@babel/template@^7.6.0":
    version "7.6.0"
    resolved "https://registry.npm.taobao.org/@babel/template/download/@babel/template-7.6.0.tgz#7f0159c7f5012230dad64cca42ec9bdb5c9536e6"
    integrity sha1-fwFZx/UBIjDa1kzKQuyb21yVNuY=
    dependencies:
      "@babel/code-frame" "^7.0.0"
      "@babel/parser" "^7.6.0"
      "@babel/types" "^7.6.0"
  
  "@babel/traverse@^7.1.0", "@babel/traverse@^7.6.2", "@babel/traverse@^7.6.3":
    version "7.6.3"
    resolved "https://registry.npm.taobao.org/@babel/traverse/download/@babel/traverse-7.6.3.tgz#66d7dba146b086703c0fb10dd588b7364cec47f9"
    integrity sha1-ZtfboUawhnA8D7EN1Yi3NkzsR/k=
    dependencies:
      "@babel/code-frame" "^7.5.5"
      "@babel/generator" "^7.6.3"
      "@babel/helper-function-name" "^7.1.0"
      "@babel/helper-split-export-declaration" "^7.4.4"
      "@babel/parser" "^7.6.3"
      "@babel/types" "^7.6.3"
      debug "^4.1.0"
      globals "^11.1.0"
      lodash "^4.17.13"
  
  "@babel/types@^7.0.0", "@babel/types@^7.2.0", "@babel/types@^7.3.0", "@babel/types@^7.4.4", "@babel/types@^7.6.0", "@babel/types@^7.6.3":
    version "7.6.3"
    resolved "https://registry.npm.taobao.org/@babel/types/download/@babel/types-7.6.3.tgz#3f07d96f854f98e2fbd45c64b0cb942d11e8ba09"
    integrity sha1-PwfZb4VPmOL71FxksMuULRHougk=
    dependencies:
      esutils "^2.0.2"
      lodash "^4.17.13"
      to-fast-properties "^2.0.0"
  
  accepts@^1.3.5:
    version "1.3.7"
    resolved "https://registry.npm.taobao.org/accepts/download/accepts-1.3.7.tgz#531bc726517a3b2b41f850021c6cc15eaab507cd"
    integrity sha1-UxvHJlF6OytB+FACHGzBXqq1B80=
    dependencies:
      mime-types "~2.1.24"
      negotiator "0.6.2"
  
  ansi-styles@^3.2.1:
    version "3.2.1"
    resolved "https://registry.npm.taobao.org/ansi-styles/download/ansi-styles-3.2.1.tgz?cache=0&other_urls=https%3A%2F%2Fregistry.npm.taobao.org%2Fansi-styles%2Fdownload%2Fansi-styles-3.2.1.tgz#41fbb20243e50b12be0f04b8dedbf07520ce841d"
    integrity sha1-QfuyAkPlCxK+DwS43tvwdSDOhB0=
    dependencies:
      color-convert "^1.9.0"
  
  any-promise@^1.0.0, any-promise@^1.1.0:
    version "1.3.0"
    resolved "https://registry.npm.taobao.org/any-promise/download/any-promise-1.3.0.tgz#abc6afeedcea52e809cdc0376aed3ce39635d17f"
    integrity sha1-q8av7tzqUugJzcA3au0845Y10X8=
  
  cache-content-type@^1.0.0:
    version "1.0.1"
    resolved "https://registry.npm.taobao.org/cache-content-type/download/cache-content-type-1.0.1.tgz#035cde2b08ee2129f4a8315ea8f00a00dba1453c"
    integrity sha1-A1zeKwjuISn0qDFeqPAKANuhRTw=
    dependencies:
      mime-types "^2.1.18"
      ylru "^1.2.0"
  
  chalk@^2.0.0:
    version "2.4.2"
    resolved "https://registry.npm.taobao.org/chalk/download/chalk-2.4.2.tgz?cache=0&sync_timestamp=1571657202995&other_urls=https%3A%2F%2Fregistry.npm.taobao.org%2Fchalk%2Fdownload%2Fchalk-2.4.2.tgz#cd42541677a54333cf541a49108c1432b44c9424"
    integrity sha1-zUJUFnelQzPPVBpJEIwUMrRMlCQ=
    dependencies:
      ansi-styles "^3.2.1"
      escape-string-regexp "^1.0.5"
      supports-color "^5.3.0"
  
  cluster-key-slot@^1.1.0:
    version "1.1.0"
    resolved "https://registry.npm.taobao.org/cluster-key-slot/download/cluster-key-slot-1.1.0.tgz#30474b2a981fb12172695833052bc0d01336d10d"
    integrity sha1-MEdLKpgfsSFyaVgzBSvA0BM20Q0=
  
  co@^4.6.0:
    version "4.6.0"
    resolved "https://registry.npm.taobao.org/co/download/co-4.6.0.tgz#6ea6bdf3d853ae54ccb8e47bfa0bf3f9031fb184"
    integrity sha1-bqa989hTrlTMuOR7+gvz+QMfsYQ=
  
  color-convert@^1.9.0:
    version "1.9.3"
    resolved "https://registry.npm.taobao.org/color-convert/download/color-convert-1.9.3.tgz?cache=0&sync_timestamp=1566248870121&other_urls=https%3A%2F%2Fregistry.npm.taobao.org%2Fcolor-convert%2Fdownload%2Fcolor-convert-1.9.3.tgz#bb71850690e1f136567de629d2d5471deda4c1e8"
    integrity sha1-u3GFBpDh8TZWfeYp0tVHHe2kweg=
    dependencies:
      color-name "1.1.3"
  
  color-name@1.1.3:
    version "1.1.3"
    resolved "https://registry.npm.taobao.org/color-name/download/color-name-1.1.3.tgz#a7d0558bd89c42f795dd42328f740831ca53bc25"
    integrity sha1-p9BVi9icQveV3UIyj3QIMcpTvCU=
  
  console@^0.7.2:
    version "0.7.2"
    resolved "https://registry.npm.taobao.org/console/download/console-0.7.2.tgz#f9a4331249291591b7bf9bffa8e205356f20a9f0"
    integrity sha1-+aQzEkkpFZG3v5v/qOIFNW8gqfA=
  
  content-disposition@~0.5.2:
    version "0.5.3"
    resolved "https://registry.npm.taobao.org/content-disposition/download/content-disposition-0.5.3.tgz#e130caf7e7279087c5616c2007d0485698984fbd"
    integrity sha1-4TDK9+cnkIfFYWwgB9BIVpiYT70=
    dependencies:
      safe-buffer "5.1.2"
  
  content-type@^1.0.4:
    version "1.0.4"
    resolved "https://registry.npm.taobao.org/content-type/download/content-type-1.0.4.tgz#e138cc75e040c727b1966fe5e5f8c9aee256fe3b"
    integrity sha1-4TjMdeBAxyexlm/l5fjJruJW/js=
  
  convert-source-map@^1.1.0:
    version "1.6.0"
    resolved "https://registry.npm.taobao.org/convert-source-map/download/convert-source-map-1.6.0.tgz#51b537a8c43e0f04dec1993bffcdd504e758ac20"
    integrity sha1-UbU3qMQ+DwTewZk7/83VBOdYrCA=
    dependencies:
      safe-buffer "~5.1.1"
  
  cookies@~0.8.0:
    version "0.8.0"
    resolved "https://registry.npm.taobao.org/cookies/download/cookies-0.8.0.tgz#1293ce4b391740a8406e3c9870e828c4b54f3f90"
    integrity sha1-EpPOSzkXQKhAbjyYcOgoxLVPP5A=
    dependencies:
      depd "~2.0.0"
      keygrip "~1.1.0"
  
  debug@^3.1.0:
    version "3.2.6"
    resolved "https://registry.npm.taobao.org/debug/download/debug-3.2.6.tgz#e83d17de16d8a7efb7717edbe5fb10135eee629b"
    integrity sha1-6D0X3hbYp++3cX7b5fsQE17uYps=
    dependencies:
      ms "^2.1.1"
  
  debug@^4.1.0, debug@^4.1.1:
    version "4.1.1"
    resolved "https://registry.npm.taobao.org/debug/download/debug-4.1.1.tgz#3b72260255109c6b589cee050f1d516139664791"
    integrity sha1-O3ImAlUQnGtYnO4FDx1RYTlmR5E=
    dependencies:
      ms "^2.1.1"
  
  debug@~3.1.0:
    version "3.1.0"
    resolved "https://registry.npm.taobao.org/debug/download/debug-3.1.0.tgz#5bb5a0672628b64149566ba16819e61518c67261"
    integrity sha1-W7WgZyYotkFJVmuhaBnmFRjGcmE=
    dependencies:
      ms "2.0.0"
  
  deep-equal@~1.0.1:
    version "1.0.1"
    resolved "https://registry.npm.taobao.org/deep-equal/download/deep-equal-1.0.1.tgz#f5d260292b660e084eff4cdbc9f08ad3247448b5"
    integrity sha1-9dJgKStmDghO/0zbyfCK0yR0SLU=
  
  delegates@^1.0.0:
    version "1.0.0"
    resolved "https://registry.npm.taobao.org/delegates/download/delegates-1.0.0.tgz#84c6e159b81904fdca59a0ef44cd870d31250f9a"
    integrity sha1-hMbhWbgZBP3KWaDvRM2HDTElD5o=
  
  denque@^1.1.0:
    version "1.4.1"
    resolved "https://registry.npm.taobao.org/denque/download/denque-1.4.1.tgz#6744ff7641c148c3f8a69c307e51235c1f4a37cf"
    integrity sha1-Z0T/dkHBSMP4ppwwflEjXB9KN88=
  
  depd@^1.1.2, depd@~1.1.2:
    version "1.1.2"
    resolved "https://registry.npm.taobao.org/depd/download/depd-1.1.2.tgz#9bcd52e14c097763e749b274c4346ed2e560b5a9"
    integrity sha1-m81S4UwJd2PnSbJ0xDRu0uVgtak=
  
  depd@~2.0.0:
    version "2.0.0"
    resolved "https://registry.npm.taobao.org/depd/download/depd-2.0.0.tgz#b696163cc757560d09cf22cc8fad1571b79e76df"
    integrity sha1-tpYWPMdXVg0JzyLMj60Vcbeedt8=
  
  destroy@^1.0.4:
    version "1.0.4"
    resolved "https://registry.npm.taobao.org/destroy/download/destroy-1.0.4.tgz#978857442c44749e4206613e37946205826abd80"
    integrity sha1-l4hXRCxEdJ5CBmE+N5RiBYJqvYA=
  
  double-ended-queue@^2.1.0-0:
    version "2.1.0-0"
    resolved "https://registry.npm.taobao.org/double-ended-queue/download/double-ended-queue-2.1.0-0.tgz#103d3527fd31528f40188130c841efdd78264e5c"
    integrity sha1-ED01J/0xUo9AGIEwyEHv3XgmTlw=
  
  ee-first@1.1.1:
    version "1.1.1"
    resolved "https://registry.npm.taobao.org/ee-first/download/ee-first-1.1.1.tgz#590c61156b0ae2f4f0255732a158b266bc56b21d"
    integrity sha1-WQxhFWsK4vTwJVcyoViyZrxWsh0=
  
  encodeurl@^1.0.2:
    version "1.0.2"
    resolved "https://registry.npm.taobao.org/encodeurl/download/encodeurl-1.0.2.tgz#ad3ff4c86ec2d029322f5a02c3a9a606c95b3f59"
    integrity sha1-rT/0yG7C0CkyL1oCw6mmBslbP1k=
  
  error-inject@^1.0.0:
    version "1.0.0"
    resolved "https://registry.npm.taobao.org/error-inject/download/error-inject-1.0.0.tgz#e2b3d91b54aed672f309d950d154850fa11d4f37"
    integrity sha1-4rPZG1Su1nLzCdlQ0VSFD6EdTzc=
  
  escape-html@^1.0.3:
    version "1.0.3"
    resolved "https://registry.npm.taobao.org/escape-html/download/escape-html-1.0.3.tgz#0258eae4d3d0c0974de1c169188ef0051d1d1988"
    integrity sha1-Aljq5NPQwJdN4cFpGI7wBR0dGYg=
  
  escape-string-regexp@^1.0.5:
    version "1.0.5"
    resolved "https://registry.npm.taobao.org/escape-string-regexp/download/escape-string-regexp-1.0.5.tgz#1b61c0562190a8dff6ae3bb2cf0200ca130b86d4"
    integrity sha1-G2HAViGQqN/2rjuyzwIAyhMLhtQ=
  
  esutils@^2.0.0, esutils@^2.0.2:
    version "2.0.3"
    resolved "https://registry.npm.taobao.org/esutils/download/esutils-2.0.3.tgz#74d2eb4de0b8da1293711910d50775b9b710ef64"
    integrity sha1-dNLrTeC42hKTcRkQ1Qd1ubcQ72Q=
  
  fresh@~0.5.2:
    version "0.5.2"
    resolved "https://registry.npm.taobao.org/fresh/download/fresh-0.5.2.tgz#3d8cadd90d976569fa835ab1f8e4b23a105605a7"
    integrity sha1-PYyt2Q2XZWn6g1qx+OSyOhBWBac=
  
  fs-extra@^8.1.0:
    version "8.1.0"
    resolved "https://registry.npm.taobao.org/fs-extra/download/fs-extra-8.1.0.tgz#49d43c45a88cd9677668cb7be1b46efdb8d2e1c0"
    integrity sha1-SdQ8RaiM2Wd2aMt74bRu/bjS4cA=
    dependencies:
      graceful-fs "^4.2.0"
      jsonfile "^4.0.0"
      universalify "^0.1.0"
  
  globals@^11.1.0:
    version "11.12.0"
    resolved "https://registry.npm.taobao.org/globals/download/globals-11.12.0.tgz#ab8795338868a0babd8525758018c2a7eb95c42e"
    integrity sha1-q4eVM4hooLq9hSV1gBjCp+uVxC4=
  
  graceful-fs@^4.1.6, graceful-fs@^4.2.0:
    version "4.2.3"
    resolved "https://registry.npm.taobao.org/graceful-fs/download/graceful-fs-4.2.3.tgz#4a12ff1b60376ef09862c2093edd908328be8423"
    integrity sha1-ShL/G2A3bvCYYsIJPt2Qgyi+hCM=
  
  has-flag@^3.0.0:
    version "3.0.0"
    resolved "https://registry.npm.taobao.org/has-flag/download/has-flag-3.0.0.tgz#b5d454dc2199ae225699f3467e5a07f3b955bafd"
    integrity sha1-tdRU3CGZriJWmfNGfloH87lVuv0=
  
  http-assert@^1.3.0:
    version "1.4.1"
    resolved "https://registry.npm.taobao.org/http-assert/download/http-assert-1.4.1.tgz#c5f725d677aa7e873ef736199b89686cceb37878"
    integrity sha1-xfcl1neqfoc+9zYZm4lobM6zeHg=
    dependencies:
      deep-equal "~1.0.1"
      http-errors "~1.7.2"
  
  http-errors@^1.6.3, http-errors@~1.7.2:
    version "1.7.3"
    resolved "https://registry.npm.taobao.org/http-errors/download/http-errors-1.7.3.tgz#6c619e4f9c60308c38519498c14fbb10aacebb06"
    integrity sha1-bGGeT5xgMIw4UZSYwU+7EKrOuwY=
    dependencies:
      depd "~1.1.2"
      inherits "2.0.4"
      setprototypeof "1.1.1"
      statuses ">= 1.5.0 < 2"
      toidentifier "1.0.0"
  
  http-errors@~1.6.2:
    version "1.6.3"
    resolved "https://registry.npm.taobao.org/http-errors/download/http-errors-1.6.3.tgz#8b55680bb4be283a0b5bf4ea2e38580be1d9320d"
    integrity sha1-i1VoC7S+KDoLW/TqLjhYC+HZMg0=
    dependencies:
      depd "~1.1.2"
      inherits "2.0.3"
      setprototypeof "1.1.0"
      statuses ">= 1.4.0 < 2"
  
  inherits@2.0.3:
    version "2.0.3"
    resolved "https://registry.npm.taobao.org/inherits/download/inherits-2.0.3.tgz?cache=0&sync_timestamp=1560975547815&other_urls=https%3A%2F%2Fregistry.npm.taobao.org%2Finherits%2Fdownload%2Finherits-2.0.3.tgz#633c2c83e3da42a502f52466022480f4208261de"
    integrity sha1-Yzwsg+PaQqUC9SRmAiSA9CCCYd4=
  
  inherits@2.0.4:
    version "2.0.4"
    resolved "https://registry.npm.taobao.org/inherits/download/inherits-2.0.4.tgz?cache=0&sync_timestamp=1560975547815&other_urls=https%3A%2F%2Fregistry.npm.taobao.org%2Finherits%2Fdownload%2Finherits-2.0.4.tgz#0fa2c64f932917c3433a0ded55363aae37416b7c"
    integrity sha1-D6LGT5MpF8NDOg3tVTY6rjdBa3w=
  
  ioredis@^4.14.1:
    version "4.14.1"
    resolved "https://registry.npm.taobao.org/ioredis/download/ioredis-4.14.1.tgz#b73ded95fcf220f106d33125a92ef6213aa31318"
    integrity sha1-tz3tlfzyIPEG0zElqS72ITqjExg=
    dependencies:
      cluster-key-slot "^1.1.0"
      debug "^4.1.1"
      denque "^1.1.0"
      lodash.defaults "^4.2.0"
      lodash.flatten "^4.4.0"
      redis-commands "1.5.0"
      redis-errors "^1.2.0"
      redis-parser "^3.0.0"
      standard-as-callback "^2.0.1"
  
  is-generator-function@^1.0.7:
    version "1.0.7"
    resolved "https://registry.npm.taobao.org/is-generator-function/download/is-generator-function-1.0.7.tgz#d2132e529bb0000a7f80794d4bdf5cd5e5813522"
    integrity sha1-0hMuUpuwAAp/gHlNS99c1eWBNSI=
  
  "js-tokens@^3.0.0 || ^4.0.0", js-tokens@^4.0.0:
    version "4.0.0"
    resolved "https://registry.npm.taobao.org/js-tokens/download/js-tokens-4.0.0.tgz#19203fb59991df98e3a287050d4647cdeaf32499"
    integrity sha1-GSA/tZmR35jjoocFDUZHzerzJJk=
  
  jsesc@^2.5.1:
    version "2.5.2"
    resolved "https://registry.npm.taobao.org/jsesc/download/jsesc-2.5.2.tgz#80564d2e483dacf6e8ef209650a67df3f0c283a4"
    integrity sha1-gFZNLkg9rPbo7yCWUKZ98/DCg6Q=
  
  json5@^2.1.0:
    version "2.1.1"
    resolved "https://registry.npm.taobao.org/json5/download/json5-2.1.1.tgz?cache=0&other_urls=https%3A%2F%2Fregistry.npm.taobao.org%2Fjson5%2Fdownload%2Fjson5-2.1.1.tgz#81b6cb04e9ba496f1c7005d07b4368a2638f90b6"
    integrity sha1-gbbLBOm6SW8ccAXQe0NoomOPkLY=
    dependencies:
      minimist "^1.2.0"
  
  jsonfile@^4.0.0:
    version "4.0.0"
    resolved "https://registry.npm.taobao.org/jsonfile/download/jsonfile-4.0.0.tgz#8771aae0799b64076b76640fca058f9c10e33ecb"
    integrity sha1-h3Gq4HmbZAdrdmQPygWPnBDjPss=
    optionalDependencies:
      graceful-fs "^4.1.6"
  
  keygrip@~1.1.0:
    version "1.1.0"
    resolved "https://registry.npm.taobao.org/keygrip/download/keygrip-1.1.0.tgz#871b1681d5e159c62a445b0c74b615e0917e7226"
    integrity sha1-hxsWgdXhWcYqRFsMdLYV4JF+ciY=
    dependencies:
      tsscmp "1.0.6"
  
  koa-compose@^3.0.0:
    version "3.2.1"
    resolved "https://registry.npm.taobao.org/koa-compose/download/koa-compose-3.2.1.tgz#a85ccb40b7d986d8e5a345b3a1ace8eabcf54de7"
    integrity sha1-qFzLQLfZhtjlo0Wzoazo6rz1Tec=
    dependencies:
      any-promise "^1.1.0"
  
  koa-compose@^4.1.0:
    version "4.1.0"
    resolved "https://registry.npm.taobao.org/koa-compose/download/koa-compose-4.1.0.tgz#507306b9371901db41121c812e923d0d67d3e877"
    integrity sha1-UHMGuTcZAdtBEhyBLpI9DWfT6Hc=
  
  koa-convert@^1.2.0:
    version "1.2.0"
    resolved "https://registry.npm.taobao.org/koa-convert/download/koa-convert-1.2.0.tgz#da40875df49de0539098d1700b50820cebcd21d0"
    integrity sha1-2kCHXfSd4FOQmNFwC1CCDOvNIdA=
    dependencies:
      co "^4.6.0"
      koa-compose "^3.0.0"
  
  koa-send@^5.0.0:
    version "5.0.0"
    resolved "https://registry.npm.taobao.org/koa-send/download/koa-send-5.0.0.tgz#5e8441e07ef55737734d7ced25b842e50646e7eb"
    integrity sha1-XoRB4H71VzdzTXztJbhC5QZG5+s=
    dependencies:
      debug "^3.1.0"
      http-errors "^1.6.3"
      mz "^2.7.0"
      resolve-path "^1.4.0"
  
  koa-static@^5.0.0:
    version "5.0.0"
    resolved "https://registry.npm.taobao.org/koa-static/download/koa-static-5.0.0.tgz#5e92fc96b537ad5219f425319c95b64772776943"
    integrity sha1-XpL8lrU3rVIZ9CUxnJW2R3J3aUM=
    dependencies:
      debug "^3.1.0"
      koa-send "^5.0.0"
  
  koa@^2.8.1:
    version "2.11.0"
    resolved "https://registry.npm.taobao.org/koa/download/koa-2.11.0.tgz?cache=0&sync_timestamp=1572232118391&other_urls=https%3A%2F%2Fregistry.npm.taobao.org%2Fkoa%2Fdownload%2Fkoa-2.11.0.tgz#fe5a51c46f566d27632dd5dc8fd5d7dd44f935a4"
    integrity sha1-/lpRxG9WbSdjLdXcj9XX3UT5NaQ=
    dependencies:
      accepts "^1.3.5"
      cache-content-type "^1.0.0"
      content-disposition "~0.5.2"
      content-type "^1.0.4"
      cookies "~0.8.0"
      debug "~3.1.0"
      delegates "^1.0.0"
      depd "^1.1.2"
      destroy "^1.0.4"
      encodeurl "^1.0.2"
      error-inject "^1.0.0"
      escape-html "^1.0.3"
      fresh "~0.5.2"
      http-assert "^1.3.0"
      http-errors "^1.6.3"
      is-generator-function "^1.0.7"
      koa-compose "^4.1.0"
      koa-convert "^1.2.0"
      on-finished "^2.3.0"
      only "~0.0.2"
      parseurl "^1.3.2"
      statuses "^1.5.0"
      type-is "^1.6.16"
      vary "^1.1.2"
  
  lodash.defaults@^4.2.0:
    version "4.2.0"
    resolved "https://registry.npm.taobao.org/lodash.defaults/download/lodash.defaults-4.2.0.tgz#d09178716ffea4dde9e5fb7b37f6f0802274580c"
    integrity sha1-0JF4cW/+pN3p5ft7N/bwgCJ0WAw=
  
  lodash.flatten@^4.4.0:
    version "4.4.0"
    resolved "https://registry.npm.taobao.org/lodash.flatten/download/lodash.flatten-4.4.0.tgz#f31c22225a9632d2bbf8e4addbef240aa765a61f"
    integrity sha1-8xwiIlqWMtK7+OSt2+8kCqdlph8=
  
  lodash@^4.17.13:
    version "4.17.15"
    resolved "https://registry.npm.taobao.org/lodash/download/lodash-4.17.15.tgz#b447f6670a0455bbfeedd11392eff330ea097548"
    integrity sha1-tEf2ZwoEVbv+7dETku/zMOoJdUg=
  
  loose-envify@^1.1.0, loose-envify@^1.4.0:
    version "1.4.0"
    resolved "https://registry.npm.taobao.org/loose-envify/download/loose-envify-1.4.0.tgz#71ee51fa7be4caec1a63839f7e682d8132d30caf"
    integrity sha1-ce5R+nvkyuwaY4OffmgtgTLTDK8=
    dependencies:
      js-tokens "^3.0.0 || ^4.0.0"
  
  media-typer@0.3.0:
    version "0.3.0"
    resolved "https://registry.npm.taobao.org/media-typer/download/media-typer-0.3.0.tgz#8710d7af0aa626f8fffa1ce00168545263255748"
    integrity sha1-hxDXrwqmJvj/+hzgAWhUUmMlV0g=
  
  mime-db@1.40.0:
    version "1.40.0"
    resolved "https://registry.npm.taobao.org/mime-db/download/mime-db-1.40.0.tgz#a65057e998db090f732a68f6c276d387d4126c32"
    integrity sha1-plBX6ZjbCQ9zKmj2wnbTh9QSbDI=
  
  mime-types@^2.1.18, mime-types@~2.1.24:
    version "2.1.24"
    resolved "https://registry.npm.taobao.org/mime-types/download/mime-types-2.1.24.tgz#b6f8d0b3e951efb77dedeca194cff6d16f676f81"
    integrity sha1-tvjQs+lR77d97eyhlM/20W9nb4E=
    dependencies:
      mime-db "1.40.0"
  
  minimist@^1.2.0:
    version "1.2.0"
    resolved "https://registry.npm.taobao.org/minimist/download/minimist-1.2.0.tgz#a35008b20f41383eec1fb914f4cd5df79a264284"
    integrity sha1-o1AIsg9BOD7sH7kU9M1d95omQoQ=
  
  ms@2.0.0:
    version "2.0.0"
    resolved "https://registry.npm.taobao.org/ms/download/ms-2.0.0.tgz#5608aeadfc00be6c2901df5f9861788de0d597c8"
    integrity sha1-VgiurfwAvmwpAd9fmGF4jeDVl8g=
  
  ms@^2.1.1:
    version "2.1.2"
    resolved "https://registry.npm.taobao.org/ms/download/ms-2.1.2.tgz#d09d1f357b443f493382a8eb3ccd183872ae6009"
    integrity sha1-0J0fNXtEP0kzgqjrPM0YOHKuYAk=
  
  mz@^2.7.0:
    version "2.7.0"
    resolved "https://registry.npm.taobao.org/mz/download/mz-2.7.0.tgz#95008057a56cafadc2bc63dde7f9ff6955948e32"
    integrity sha1-lQCAV6Vsr63CvGPd5/n/aVWUjjI=
    dependencies:
      any-promise "^1.0.0"
      object-assign "^4.0.1"
      thenify-all "^1.0.0"
  
  negotiator@0.6.2:
    version "0.6.2"
    resolved "https://registry.npm.taobao.org/negotiator/download/negotiator-0.6.2.tgz#feacf7ccf525a77ae9634436a64883ffeca346fb"
    integrity sha1-/qz3zPUlp3rpY0Q2pkiD/+yjRvs=
  
  object-assign@^4.0.1, object-assign@^4.1.1:
    version "4.1.1"
    resolved "https://registry.npm.taobao.org/object-assign/download/object-assign-4.1.1.tgz#2109adc7965887cfc05cbbd442cac8bfbb360863"
    integrity sha1-IQmtx5ZYh8/AXLvUQsrIv7s2CGM=
  
  on-finished@^2.3.0:
    version "2.3.0"
    resolved "https://registry.npm.taobao.org/on-finished/download/on-finished-2.3.0.tgz#20f1336481b083cd75337992a16971aa2d906947"
    integrity sha1-IPEzZIGwg811M3mSoWlxqi2QaUc=
    dependencies:
      ee-first "1.1.1"
  
  only@~0.0.2:
    version "0.0.2"
    resolved "https://registry.npm.taobao.org/only/download/only-0.0.2.tgz#2afde84d03e50b9a8edc444e30610a70295edfb4"
    integrity sha1-Kv3oTQPlC5qO3EROMGEKcCle37Q=
  
  parseurl@^1.3.2:
    version "1.3.3"
    resolved "https://registry.npm.taobao.org/parseurl/download/parseurl-1.3.3.tgz#9da19e7bee8d12dff0513ed5b76957793bc2e8d4"
    integrity sha1-naGee+6NEt/wUT7Vt2lXeTvC6NQ=
  
  path-is-absolute@1.0.1:
    version "1.0.1"
    resolved "https://registry.npm.taobao.org/path-is-absolute/download/path-is-absolute-1.0.1.tgz#174b9268735534ffbc7ace6bf53a5a9e1b5c5f5f"
    integrity sha1-F0uSaHNVNP+8es5r9TpanhtcX18=
  
  path-parse@^1.0.6:
    version "1.0.6"
    resolved "https://registry.npm.taobao.org/path-parse/download/path-parse-1.0.6.tgz#d62dbb5679405d72c4737ec58600e9ddcf06d24c"
    integrity sha1-1i27VnlAXXLEc37FhgDp3c8G0kw=
  
  prop-types@^15.6.2:
    version "15.7.2"
    resolved "https://registry.npm.taobao.org/prop-types/download/prop-types-15.7.2.tgz#52c41e75b8c87e72b9d9360e0206b99dcbffa6c5"
    integrity sha1-UsQedbjIfnK52TYOAga5ncv/psU=
    dependencies:
      loose-envify "^1.4.0"
      object-assign "^4.1.1"
      react-is "^16.8.1"
  
  react-dom@^16.11.0:
    version "16.11.0"
    resolved "https://registry.npm.taobao.org/react-dom/download/react-dom-16.11.0.tgz#7e7c4a5a85a569d565c2462f5d345da2dd849af5"
    integrity sha1-fnxKWoWladVlwkYvXTRdot2EmvU=
    dependencies:
      loose-envify "^1.1.0"
      object-assign "^4.1.1"
      prop-types "^15.6.2"
      scheduler "^0.17.0"
  
  react-is@^16.8.1:
    version "16.11.0"
    resolved "https://registry.npm.taobao.org/react-is/download/react-is-16.11.0.tgz?cache=0&sync_timestamp=1571899778145&other_urls=https%3A%2F%2Fregistry.npm.taobao.org%2Freact-is%2Fdownload%2Freact-is-16.11.0.tgz#b85dfecd48ad1ce469ff558a882ca8e8313928fa"
    integrity sha1-uF3+zUitHORp/1WKiCyo6DE5KPo=
  
  react@^16.11.0:
    version "16.11.0"
    resolved "https://registry.npm.taobao.org/react/download/react-16.11.0.tgz#d294545fe62299ccee83363599bf904e4a07fdbb"
    integrity sha1-0pRUX+YimczugzY1mb+QTkoH/bs=
    dependencies:
      loose-envify "^1.1.0"
      object-assign "^4.1.1"
      prop-types "^15.6.2"
  
  redis-commands@1.5.0, redis-commands@^1.2.0:
    version "1.5.0"
    resolved "https://registry.npm.taobao.org/redis-commands/download/redis-commands-1.5.0.tgz#80d2e20698fe688f227127ff9e5164a7dd17e785"
    integrity sha1-gNLiBpj+aI8icSf/nlFkp90X54U=
  
  redis-errors@^1.0.0, redis-errors@^1.2.0:
    version "1.2.0"
    resolved "https://registry.npm.taobao.org/redis-errors/download/redis-errors-1.2.0.tgz#eb62d2adb15e4eaf4610c04afe1529384250abad"
    integrity sha1-62LSrbFeTq9GEMBK/hUpOEJQq60=
  
  redis-parser@^2.6.0:
    version "2.6.0"
    resolved "https://registry.npm.taobao.org/redis-parser/download/redis-parser-2.6.0.tgz#52ed09dacac108f1a631c07e9b69941e7a19504b"
    integrity sha1-Uu0J2srBCPGmMcB+m2mUHnoZUEs=
  
  redis-parser@^3.0.0:
    version "3.0.0"
    resolved "https://registry.npm.taobao.org/redis-parser/download/redis-parser-3.0.0.tgz#b66d828cdcafe6b4b8a428a7def4c6bcac31c8b4"
    integrity sha1-tm2CjNyv5rS4pCin3vTGvKwxyLQ=
    dependencies:
      redis-errors "^1.0.0"
  
  redis-sentinel@^0.3.3:
    version "0.3.3"
    resolved "https://registry.npm.taobao.org/redis-sentinel/download/redis-sentinel-0.3.3.tgz#2b46464aa7691208c7f2cfdfa23d148910af9492"
    integrity sha1-K0ZGSqdpEgjH8s/foj0UiRCvlJI=
    dependencies:
      redis "0.12.x"
      when "^3.5.1"
  
  redis@0.12.x:
    version "0.12.1"
    resolved "https://registry.npm.taobao.org/redis/download/redis-0.12.1.tgz#64df76ad0fc8acebaebd2a0645e8a48fac49185e"
    integrity sha1-ZN92rQ/IrOuuvSoGReikj6xJGF4=
  
  redis@^2.8.0:
    version "2.8.0"
    resolved "https://registry.npm.taobao.org/redis/download/redis-2.8.0.tgz#202288e3f58c49f6079d97af7a10e1303ae14b02"
    integrity sha1-ICKI4/WMSfYHnZevehDhMDrhSwI=
    dependencies:
      double-ended-queue "^2.1.0-0"
      redis-commands "^1.2.0"
      redis-parser "^2.6.0"
  
  resolve-path@^1.4.0:
    version "1.4.0"
    resolved "https://registry.npm.taobao.org/resolve-path/download/resolve-path-1.4.0.tgz#c4bda9f5efb2fce65247873ab36bb4d834fe16f7"
    integrity sha1-xL2p9e+y/OZSR4c6s2u02DT+Fvc=
    dependencies:
      http-errors "~1.6.2"
      path-is-absolute "1.0.1"
  
  resolve@^1.3.2:
    version "1.12.0"
    resolved "https://registry.npm.taobao.org/resolve/download/resolve-1.12.0.tgz?cache=0&sync_timestamp=1564641434608&other_urls=https%3A%2F%2Fregistry.npm.taobao.org%2Fresolve%2Fdownload%2Fresolve-1.12.0.tgz#3fc644a35c84a48554609ff26ec52b66fa577df6"
    integrity sha1-P8ZEo1yEpIVUYJ/ybsUrZvpXffY=
    dependencies:
      path-parse "^1.0.6"
  
  safe-buffer@5.1.2, safe-buffer@~5.1.1:
    version "5.1.2"
    resolved "https://registry.npm.taobao.org/safe-buffer/download/safe-buffer-5.1.2.tgz#991ec69d296e0313747d59bdfd2b745c35f8828d"
    integrity sha1-mR7GnSluAxN0fVm9/St0XDX4go0=
  
  scheduler@^0.17.0:
    version "0.17.0"
    resolved "https://registry.npm.taobao.org/scheduler/download/scheduler-0.17.0.tgz#7c9c673e4ec781fac853927916d1c426b6f3ddfe"
    integrity sha1-fJxnPk7HgfrIU5J5FtHEJrbz3f4=
    dependencies:
      loose-envify "^1.1.0"
      object-assign "^4.1.1"
  
  semver@^5.4.1:
    version "5.7.1"
    resolved "https://registry.npm.taobao.org/semver/download/semver-5.7.1.tgz#a954f931aeba508d307bbf069eff0c01c96116f7"
    integrity sha1-qVT5Ma66UI0we78Gnv8MAclhFvc=
  
  setprototypeof@1.1.0:
    version "1.1.0"
    resolved "https://registry.npm.taobao.org/setprototypeof/download/setprototypeof-1.1.0.tgz#d0bd85536887b6fe7c0d818cb962d9d91c54e656"
    integrity sha1-0L2FU2iHtv58DYGMuWLZ2RxU5lY=
  
  setprototypeof@1.1.1:
    version "1.1.1"
    resolved "https://registry.npm.taobao.org/setprototypeof/download/setprototypeof-1.1.1.tgz#7e95acb24aa92f5885e0abef5ba131330d4ae683"
    integrity sha1-fpWsskqpL1iF4KvvW6ExMw1K5oM=
  
  source-map@^0.5.0:
    version "0.5.7"
    resolved "https://registry.npm.taobao.org/source-map/download/source-map-0.5.7.tgz#8a039d2d1021d22d1ea14c80d8ea468ba2ef3fcc"
    integrity sha1-igOdLRAh0i0eoUyA2OpGi6LvP8w=
  
  standard-as-callback@^2.0.1:
    version "2.0.1"
    resolved "https://registry.npm.taobao.org/standard-as-callback/download/standard-as-callback-2.0.1.tgz#ed8bb25648e15831759b6023bdb87e6b60b38126"
    integrity sha1-7YuyVkjhWDF1m2Ajvbh+a2CzgSY=
  
  "statuses@>= 1.4.0 < 2", "statuses@>= 1.5.0 < 2", statuses@^1.5.0:
    version "1.5.0"
    resolved "https://registry.npm.taobao.org/statuses/download/statuses-1.5.0.tgz#161c7dac177659fd9811f43771fa99381478628c"
    integrity sha1-Fhx9rBd2Wf2YEfQ3cfqZOBR4Yow=
  
  supports-color@^5.3.0:
    version "5.5.0"
    resolved "https://registry.npm.taobao.org/supports-color/download/supports-color-5.5.0.tgz?cache=0&other_urls=https%3A%2F%2Fregistry.npm.taobao.org%2Fsupports-color%2Fdownload%2Fsupports-color-5.5.0.tgz#e2e69a44ac8772f78a1ec0b35b689df6530efc8f"
    integrity sha1-4uaaRKyHcveKHsCzW2id9lMO/I8=
    dependencies:
      has-flag "^3.0.0"
  
  thenify-all@^1.0.0:
    version "1.6.0"
    resolved "https://registry.npm.taobao.org/thenify-all/download/thenify-all-1.6.0.tgz#1a1918d402d8fc3f98fbf234db0bcc8cc10e9726"
    integrity sha1-GhkY1ALY/D+Y+/I02wvMjMEOlyY=
    dependencies:
      thenify ">= 3.1.0 < 4"
  
  "thenify@>= 3.1.0 < 4":
    version "3.3.0"
    resolved "https://registry.npm.taobao.org/thenify/download/thenify-3.3.0.tgz#e69e38a1babe969b0108207978b9f62b88604839"
    integrity sha1-5p44obq+lpsBCCB5eLn2K4hgSDk=
    dependencies:
      any-promise "^1.0.0"
  
  to-fast-properties@^2.0.0:
    version "2.0.0"
    resolved "https://registry.npm.taobao.org/to-fast-properties/download/to-fast-properties-2.0.0.tgz#dc5e698cbd079265bc73e0377681a4e4e83f616e"
    integrity sha1-3F5pjL0HkmW8c+A3doGk5Og/YW4=
  
  toidentifier@1.0.0:
    version "1.0.0"
    resolved "https://registry.npm.taobao.org/toidentifier/download/toidentifier-1.0.0.tgz#7e1be3470f1e77948bc43d94a3c8f4d7752ba553"
    integrity sha1-fhvjRw8ed5SLxD2Uo8j013UrpVM=
  
  tsscmp@1.0.6:
    version "1.0.6"
    resolved "https://registry.npm.taobao.org/tsscmp/download/tsscmp-1.0.6.tgz#85b99583ac3589ec4bfef825b5000aa911d605eb"
    integrity sha1-hbmVg6w1iexL/vgltQAKqRHWBes=
  
  type-is@^1.6.16:
    version "1.6.18"
    resolved "https://registry.npm.taobao.org/type-is/download/type-is-1.6.18.tgz#4e552cd05df09467dcbc4ef739de89f2cf37c131"
    integrity sha1-TlUs0F3wlGfcvE73Od6J8s83wTE=
    dependencies:
      media-typer "0.3.0"
      mime-types "~2.1.24"
  
  universalify@^0.1.0:
    version "0.1.2"
    resolved "https://registry.npm.taobao.org/universalify/download/universalify-0.1.2.tgz#b646f69be3942dabcecc9d6639c80dc105efaa66"
    integrity sha1-tkb2m+OULavOzJ1mOcgNwQXvqmY=
  
  vary@^1.1.2:
    version "1.1.2"
    resolved "https://registry.npm.taobao.org/vary/download/vary-1.1.2.tgz#2299f02c6ded30d4a5961b0b9f74524a18f634fc"
    integrity sha1-IpnwLG3tMNSllhsLn3RSShj2NPw=
  
  when@^3.5.1:
    version "3.7.8"
    resolved "https://registry.npm.taobao.org/when/download/when-3.7.8.tgz#c7130b6a7ea04693e842cdc9e7a1f2aa39a39f82"
    integrity sha1-xxMLan6gRpPoQs3J56Hyqjmjn4I=
  
  ylru@^1.2.0:
    version "1.2.1"
    resolved "https://registry.npm.taobao.org/ylru/download/ylru-1.2.1.tgz#f576b63341547989c1de7ba288760923b27fe84f"
    integrity sha1-9Xa2M0FUeYnB3nuiiHYJI7J/6E8=
